<?xml version="1.0" encoding="UTF-8"?>
<!-- Generated by org.testng.reporters.JUnitReportReporter -->
<testsuite hostname="DESKTOP-9G5CG2U" failures="0" tests="1" name="Simplebook.SimpleBooks_apis" time="3.492" errors="0" timestamp="2024-02-07T12:18:45 IST" skipped="0">
  <testcase classname="Simplebook.SimpleBooks_apis" name="Authenticate" time="3.492"/>
  <system-out/>
</testsuite> <!-- Simplebook.SimpleBooks_apis -->
