<?xml version="1.0" encoding="UTF-8"?>
<!-- Generated by org.testng.reporters.JUnitReportReporter -->
<testsuite hostname="DESKTOP-9G5CG2U" failures="0" tests="4" name="Simplebook.ja" time="12.114" errors="0" timestamp="2023-12-28T21:13:26 IST" skipped="0">
  <testcase classname="Simplebook.ja" name="Authentication" time="4.877"/>
  <system-out/>
  <testcase classname="Simplebook.ja" name="submitanorder" time="2.268"/>
  <system-out/>
  <testcase classname="Simplebook.ja" name="Updateanorder" time="2.150"/>
  <system-out/>
  <testcase classname="Simplebook.ja" name="deleteanorder" time="2.819"/>
  <system-out/>
</testsuite> <!-- Simplebook.ja -->
